#
# There is insufficient memory for the Java Runtime Environment to continue.
# Native memory allocation (mmap) failed to map 65536 bytes for Failed to commit metaspace.
# Possible reasons:
#   The system is out of physical RAM or swap space
#   The process is running with CompressedOops enabled, and the Java Heap may be blocking the growth of the native heap
# Possible solutions:
#   Reduce memory load on the system
#   Increase physical memory or swap space
#   Check if swap backing store is full
#   Decrease Java heap size (-Xmx/-Xms)
#   Decrease number of Java threads
#   Decrease Java thread stack sizes (-Xss)
#   Set larger code cache with -XX:ReservedCodeCacheSize=
#   JVM is running with Unscaled Compressed Oops mode in which the Java heap is
#     placed in the first 4GB address space. The Java Heap base address is the
#     maximum limit for the native heap growth. Please use -XX:HeapBaseMinAddress
#     to set the Java Heap base and to place the Java Heap above 4GB virtual address.
# This output file may be truncated or incomplete.
#
#  Out of Memory Error (virtualSpaceNode.cpp:110), pid=17304, tid=9820
#
# JRE version: Java(TM) SE Runtime Environment (17.0.3.1+2) (build 17.0.3.1+2-LTS-6)
# Java VM: Java HotSpot(TM) 64-Bit Server VM (17.0.3.1+2-LTS-6, mixed mode, emulated-client, sharing, tiered, compressed oops, compressed class ptrs, g1 gc, windows-amd64)
# No core dump will be written. Minidumps are not enabled by default on client versions of Windows
#

---------------  S U M M A R Y ------------

Command Line: -XX:TieredStopAtLevel=1 -Xverify:none -Dspring.output.ansi.enabled=always -Dcom.sun.management.jmxremote -Dspring.jmx.enabled=true -Dspring.liveBeansView.mbeanDomain -Dspring.application.admin.enabled=true -javaagent:C:\Program Files\JetBrains\IntelliJ IDEA 2022.1.3\lib\idea_rt.jar=58665:C:\Program Files\JetBrains\IntelliJ IDEA 2022.1.3\bin -Dfile.encoding=UTF-8 com.example.ubernet.UbernetApplication

Host: Intel(R) Core(TM) i5-8250U CPU @ 1.60GHz, 8 cores, 7G,  Windows 10 , 64 bit Build 19041 (10.0.19041.2364)
Time: Fri Jan 27 15:22:18 2023 Central Europe Standard Time elapsed time: 2.805170 seconds (0d 0h 0m 2s)

---------------  T H R E A D  ---------------

Current thread (0x00000205443cfd10):  JavaThread "restartedMain" [_thread_in_vm, id=9820, stack(0x0000007663000000,0x0000007663100000)]

Stack: [0x0000007663000000,0x0000007663100000]
Native frames: (J=compiled Java code, j=interpreted, Vv=VM code, C=native code)
V  [jvm.dll+0x6711ba]
V  [jvm.dll+0x7d0834]
V  [jvm.dll+0x7d1fde]
V  [jvm.dll+0x7d2643]
V  [jvm.dll+0x242c85]
V  [jvm.dll+0x7cc7db]
V  [jvm.dll+0x616f96]
V  [jvm.dll+0x1be52e]
V  [jvm.dll+0x6198d1]
V  [jvm.dll+0x617936]
V  [jvm.dll+0x23724f]
V  [jvm.dll+0x621655]
V  [jvm.dll+0x1e7f5b]
V  [jvm.dll+0x1e8495]
V  [jvm.dll+0x1e8ecf]
V  [jvm.dll+0x1de381]
V  [jvm.dll+0x537ee0]
V  [jvm.dll+0x74b478]
V  [jvm.dll+0x74b564]
V  [jvm.dll+0x408fa5]
V  [jvm.dll+0x40eff8]
C  [java.dll+0x17ec]

Java frames: (J=compiled Java code, j=interpreted, Vv=VM code)
J 1213  java.lang.ClassLoader.defineClass1(Ljava/lang/ClassLoader;Ljava/lang/String;[BIILjava/security/ProtectionDomain;Ljava/lang/String;)Ljava/lang/Class; java.base@17.0.3.1 (0 bytes) @ 0x0000020538d72763 [0x0000020538d726a0+0x00000000000000c3]
J 1482 c1 java.lang.ClassLoader.defineClass(Ljava/lang/String;[BIILjava/security/ProtectionDomain;)Ljava/lang/Class; java.base@17.0.3.1 (43 bytes) @ 0x0000020538ddc85c [0x0000020538ddc760+0x00000000000000fc]
J 1238 c1 jdk.internal.loader.BuiltinClassLoader.defineClass(Ljava/lang/String;Ljdk/internal/loader/Resource;)Ljava/lang/Class; java.base@17.0.3.1 (121 bytes) @ 0x0000020538d81064 [0x0000020538d80ba0+0x00000000000004c4]
J 1216 c1 jdk.internal.loader.BuiltinClassLoader.findClassOnClassPathOrNull(Ljava/lang/String;)Ljava/lang/Class; java.base@17.0.3.1 (64 bytes) @ 0x0000020538d74934 [0x0000020538d74680+0x00000000000002b4]
J 1073 c1 jdk.internal.loader.BuiltinClassLoader.loadClassOrNull(Ljava/lang/String;Z)Ljava/lang/Class; java.base@17.0.3.1 (143 bytes) @ 0x0000020538d334dc [0x0000020538d33080+0x000000000000045c]
J 1165 c1 jdk.internal.loader.ClassLoaders$AppClassLoader.loadClass(Ljava/lang/String;Z)Ljava/lang/Class; java.base@17.0.3.1 (40 bytes) @ 0x0000020538d5bda4 [0x0000020538d5bc60+0x0000000000000144]
J 1154 c1 java.lang.ClassLoader.loadClass(Ljava/lang/String;)Ljava/lang/Class; java.base@17.0.3.1 (7 bytes) @ 0x0000020538d571e4 [0x0000020538d571a0+0x0000000000000044]
v  ~StubRoutines::call_stub
J 1213  java.lang.ClassLoader.defineClass1(Ljava/lang/ClassLoader;Ljava/lang/String;[BIILjava/security/ProtectionDomain;Ljava/lang/String;)Ljava/lang/Class; java.base@17.0.3.1 (0 bytes) @ 0x0000020538d72763 [0x0000020538d726a0+0x00000000000000c3]
J 1482 c1 java.lang.ClassLoader.defineClass(Ljava/lang/String;[BIILjava/security/ProtectionDomain;)Ljava/lang/Class; java.base@17.0.3.1 (43 bytes) @ 0x0000020538ddc85c [0x0000020538ddc760+0x00000000000000fc]
J 1238 c1 jdk.internal.loader.BuiltinClassLoader.defineClass(Ljava/lang/String;Ljdk/internal/loader/Resource;)Ljava/lang/Class; java.base@17.0.3.1 (121 bytes) @ 0x0000020538d81064 [0x0000020538d80ba0+0x00000000000004c4]
J 1216 c1 jdk.internal.loader.BuiltinClassLoader.findClassOnClassPathOrNull(Ljava/lang/String;)Ljava/lang/Class; java.base@17.0.3.1 (64 bytes) @ 0x0000020538d74934 [0x0000020538d74680+0x00000000000002b4]
J 1073 c1 jdk.internal.loader.BuiltinClassLoader.loadClassOrNull(Ljava/lang/String;Z)Ljava/lang/Class; java.base@17.0.3.1 (143 bytes) @ 0x0000020538d334dc [0x0000020538d33080+0x000000000000045c]
J 1165 c1 jdk.internal.loader.ClassLoaders$AppClassLoader.loadClass(Ljava/lang/String;Z)Ljava/lang/Class; java.base@17.0.3.1 (40 bytes) @ 0x0000020538d5bda4 [0x0000020538d5bc60+0x0000000000000144]
J 1154 c1 java.lang.ClassLoader.loadClass(Ljava/lang/String;)Ljava/lang/Class; java.base@17.0.3.1 (7 bytes) @ 0x0000020538d571e4 [0x0000020538d571a0+0x0000000000000044]
v  ~StubRoutines::call_stub
J 917  java.lang.Class.forName0(Ljava/lang/String;ZLjava/lang/ClassLoader;Ljava/lang/Class;)Ljava/lang/Class; java.base@17.0.3.1 (0 bytes) @ 0x0000020538c64aaf [0x0000020538c64a20+0x000000000000008f]
J 923 c1 java.lang.Class.forName(Ljava/lang/String;ZLjava/lang/ClassLoader;)Ljava/lang/Class; java.base@17.0.3.1 (47 bytes) @ 0x0000020538c672b4 [0x0000020538c671c0+0x00000000000000f4]
j  org.springframework.boot.devtools.restart.classloader.RestartClassLoader.loadClass(Ljava/lang/String;Z)Ljava/lang/Class;+90
J 1154 c1 java.lang.ClassLoader.loadClass(Ljava/lang/String;)Ljava/lang/Class; java.base@17.0.3.1 (7 bytes) @ 0x0000020538d571e4 [0x0000020538d571a0+0x0000000000000044]
v  ~StubRoutines::call_stub
J 917  java.lang.Class.forName0(Ljava/lang/String;ZLjava/lang/ClassLoader;Ljava/lang/Class;)Ljava/lang/Class; java.base@17.0.3.1 (0 bytes) @ 0x0000020538c64aaf [0x0000020538c64a20+0x000000000000008f]
J 923 c1 java.lang.Class.forName(Ljava/lang/String;ZLjava/lang/ClassLoader;)Ljava/lang/Class; java.base@17.0.3.1 (47 bytes) @ 0x0000020538c672b4 [0x0000020538c671c0+0x00000000000000f4]
j  org.springframework.boot.autoconfigure.condition.FilteringSpringBootCondition.resolve(Ljava/lang/String;Ljava/lang/ClassLoader;)Ljava/lang/Class;+7
j  org.springframework.boot.autoconfigure.condition.FilteringSpringBootCondition$ClassNameFilter.isPresent(Ljava/lang/String;Ljava/lang/ClassLoader;)Z+10
j  org.springframework.boot.autoconfigure.condition.FilteringSpringBootCondition$ClassNameFilter$2.matches(Ljava/lang/String;Ljava/lang/ClassLoader;)Z+2
j  org.springframework.boot.autoconfigure.condition.OnClassCondition$StandardOutcomesResolver.getOutcome(Ljava/lang/String;Ljava/lang/ClassLoader;)Lorg/springframework/boot/autoconfigure/condition/ConditionOutcome;+5
j  org.springframework.boot.autoconfigure.condition.OnClassCondition$StandardOutcomesResolver.getOutcome(Ljava/lang/String;)Lorg/springframework/boot/autoconfigure/condition/ConditionOutcome;+49
j  org.springframework.boot.autoconfigure.condition.OnClassCondition$StandardOutcomesResolver.getOutcomes([Ljava/lang/String;IILorg/springframework/boot/autoconfigure/AutoConfigurationMetadata;)[Lorg/springframework/boot/autoconfigure/condition/ConditionOutcome;+55
j  org.springframework.boot.autoconfigure.condition.OnClassCondition$StandardOutcomesResolver.resolveOutcomes()[Lorg/springframework/boot/autoconfigure/condition/ConditionOutcome;+17
j  org.springframework.boot.autoconfigure.condition.OnClassCondition.resolveOutcomesThreaded([Ljava/lang/String;Lorg/springframework/boot/autoconfigure/AutoConfigurationMetadata;)[Lorg/springframework/boot/autoconfigure/condition/ConditionOutcome;+36
j  org.springframework.boot.autoconfigure.condition.OnClassCondition.getOutcomes([Ljava/lang/String;Lorg/springframework/boot/autoconfigure/AutoConfigurationMetadata;)[Lorg/springframework/boot/autoconfigure/condition/ConditionOutcome;+19
j  org.springframework.boot.autoconfigure.condition.FilteringSpringBootCondition.match([Ljava/lang/String;Lorg/springframework/boot/autoconfigure/AutoConfigurationMetadata;)[Z+11
j  org.springframework.boot.autoconfigure.AutoConfigurationImportSelector$ConfigurationClassFilter.filter(Ljava/util/List;)Ljava/util/List;+54
j  org.springframework.boot.autoconfigure.AutoConfigurationImportSelector.getAutoConfigurationEntry(Lorg/springframework/core/type/AnnotationMetadata;)Lorg/springframework/boot/autoconfigure/AutoConfigurationImportSelector$AutoConfigurationEntry;+60
j  org.springframework.boot.autoconfigure.AutoConfigurationImportSelector$AutoConfigurationGroup.process(Lorg/springframework/core/type/AnnotationMetadata;Lorg/springframework/context/annotation/DeferredImportSelector;)V+18
j  org.springframework.context.annotation.ConfigurationClassParser$DeferredImportSelectorGrouping.getImports()Ljava/lang/Iterable;+44
j  org.springframework.context.annotation.ConfigurationClassParser$DeferredImportSelectorGroupingHandler.processGroupImports()V+40
j  org.springframework.context.annotation.ConfigurationClassParser$DeferredImportSelectorHandler.process()V+54
j  org.springframework.context.annotation.ConfigurationClassParser.parse(Ljava/util/Set;)V+171
j  org.springframework.context.annotation.ConfigurationClassPostProcessor.processConfigBeanDefinitions(Lorg/springframework/beans/factory/support/BeanDefinitionRegistry;)V+308
j  org.springframework.context.annotation.ConfigurationClassPostProcessor.postProcessBeanDefinitionRegistry(Lorg/springframework/beans/factory/support/BeanDefinitionRegistry;)V+107
j  org.springframework.context.support.PostProcessorRegistrationDelegate.invokeBeanDefinitionRegistryPostProcessors(Ljava/util/Collection;Lorg/springframework/beans/factory/support/BeanDefinitionRegistry;Lorg/springframework/core/metrics/ApplicationStartup;)V+59
j  org.springframework.context.support.PostProcessorRegistrationDelegate.invokeBeanFactoryPostProcessors(Lorg/springframework/beans/factory/config/ConfigurableListableBeanFactory;Ljava/util/List;)V+235
j  org.springframework.context.support.AbstractApplicationContext.invokeBeanFactoryPostProcessors(Lorg/springframework/beans/factory/config/ConfigurableListableBeanFactory;)V+5
j  org.springframework.context.support.AbstractApplicationContext.refresh()V+53
j  org.springframework.boot.web.servlet.context.ServletWebServerApplicationContext.refresh()V+1
j  org.springframework.boot.SpringApplication.refresh(Lorg/springframework/context/ConfigurableApplicationContext;)V+1
j  org.springframework.boot.SpringApplication.refreshContext(Lorg/springframework/context/ConfigurableApplicationContext;)V+16
j  org.springframework.boot.SpringApplication.run([Ljava/lang/String;)Lorg/springframework/context/ConfigurableApplicationContext;+107
j  org.springframework.boot.SpringApplication.run([Ljava/lang/Class;[Ljava/lang/String;)Lorg/springframework/context/ConfigurableApplicationContext;+9
j  org.springframework.boot.SpringApplication.run(Ljava/lang/Class;[Ljava/lang/String;)Lorg/springframework/context/ConfigurableApplicationContext;+9
j  com.example.ubernet.UbernetApplication.main([Ljava/lang/String;)V+3
v  ~StubRoutines::call_stub
j  jdk.internal.reflect.NativeMethodAccessorImpl.invoke0(Ljava/lang/reflect/Method;Ljava/lang/Object;[Ljava/lang/Object;)Ljava/lang/Object;+0 java.base@17.0.3.1
j  jdk.internal.reflect.NativeMethodAccessorImpl.invoke(Ljava/lang/Object;[Ljava/lang/Object;)Ljava/lang/Object;+133 java.base@17.0.3.1
j  jdk.internal.reflect.DelegatingMethodAccessorImpl.invoke(Ljava/lang/Object;[Ljava/lang/Object;)Ljava/lang/Object;+6 java.base@17.0.3.1
j  java.lang.reflect.Method.invoke(Ljava/lang/Object;[Ljava/lang/Object;)Ljava/lang/Object;+59 java.base@17.0.3.1
j  org.springframework.boot.devtools.restart.RestartLauncher.run()V+42
v  ~StubRoutines::call_stub

---------------  P R O C E S S  ---------------

Threads class SMR info:
_java_thread_list=0x00000205456c65c0, length=22, elements={
0x000002053109b700, 0x0000020542f81260, 0x0000020542f820d0, 0x0000020542f92380,
0x0000020542f95400, 0x0000020542f96dc0, 0x0000020542f97770, 0x0000020542f9b620,
0x0000020542fa4020, 0x0000020542f6e1b0, 0x0000020543985070, 0x0000020543985580,
0x0000020543e8e9c0, 0x0000020543e8ee90, 0x000002054400e040, 0x0000020544127e30,
0x000002054411d440, 0x00000205443e5760, 0x00000205443d7100, 0x00000205443cfd10,
0x00000205444fd2f0, 0x0000020545827170
}

Java Threads: ( => current thread )
  0x000002053109b700 JavaThread "main" [_thread_blocked, id=13952, stack(0x0000007660c00000,0x0000007660d00000)]
  0x0000020542f81260 JavaThread "Reference Handler" daemon [_thread_blocked, id=14692, stack(0x0000007661300000,0x0000007661400000)]
  0x0000020542f820d0 JavaThread "Finalizer" daemon [_thread_blocked, id=11436, stack(0x0000007661400000,0x0000007661500000)]
  0x0000020542f92380 JavaThread "Signal Dispatcher" daemon [_thread_blocked, id=18244, stack(0x0000007661500000,0x0000007661600000)]
  0x0000020542f95400 JavaThread "Attach Listener" daemon [_thread_blocked, id=5984, stack(0x0000007661600000,0x0000007661700000)]
  0x0000020542f96dc0 JavaThread "Service Thread" daemon [_thread_blocked, id=13884, stack(0x0000007661700000,0x0000007661800000)]
  0x0000020542f97770 JavaThread "Monitor Deflation Thread" daemon [_thread_blocked, id=9272, stack(0x0000007661800000,0x0000007661900000)]
  0x0000020542f9b620 JavaThread "C1 CompilerThread0" daemon [_thread_blocked, id=4992, stack(0x0000007661900000,0x0000007661a00000)]
  0x0000020542fa4020 JavaThread "Sweeper thread" daemon [_thread_blocked, id=7736, stack(0x0000007661a00000,0x0000007661b00000)]
  0x0000020542f6e1b0 JavaThread "Common-Cleaner" daemon [_thread_blocked, id=17332, stack(0x0000007661b00000,0x0000007661c00000)]
  0x0000020543985070 JavaThread "C1 CompilerThread1" daemon [_thread_blocked, id=5300, stack(0x0000007661c00000,0x0000007661d00000)]
  0x0000020543985580 JavaThread "C1 CompilerThread2" daemon [_thread_blocked, id=1092, stack(0x0000007661d00000,0x0000007661e00000)]
  0x0000020543e8e9c0 JavaThread "Monitor Ctrl-Break" daemon [_thread_in_native, id=10492, stack(0x0000007661e00000,0x0000007661f00000)]
  0x0000020543e8ee90 JavaThread "Notification Thread" daemon [_thread_blocked, id=6912, stack(0x0000007661f00000,0x0000007662000000)]
  0x000002054400e040 JavaThread "RMI TCP Accept-0" daemon [_thread_in_native, id=10108, stack(0x0000007662000000,0x0000007662100000)]
  0x0000020544127e30 JavaThread "C1 CompilerThread3" daemon [_thread_blocked, id=10920, stack(0x0000007662200000,0x0000007662300000)]
  0x000002054411d440 JavaThread "RMI TCP Connection(1)-192.168.1.13" daemon [_thread_in_native, id=1672, stack(0x0000007662c00000,0x0000007662d00000)]
  0x00000205443e5760 JavaThread "RMI Scheduler(0)" daemon [_thread_blocked, id=14548, stack(0x0000007662d00000,0x0000007662e00000)]
  0x00000205443d7100 JavaThread "Thread-0" [_thread_blocked, id=16548, stack(0x0000007662f00000,0x0000007663000000)]
=>0x00000205443cfd10 JavaThread "restartedMain" [_thread_in_vm, id=9820, stack(0x0000007663000000,0x0000007663100000)]
  0x00000205444fd2f0 JavaThread "background-preinit" [_thread_in_vm, id=10516, stack(0x0000007662e00000,0x0000007662f00000)]
  0x0000020545827170 JavaThread "Thread-3" [_thread_blocked, id=11628, stack(0x0000007663100000,0x0000007663200000)]

Other Threads:
  0x0000020542f7c660 VMThread "VM Thread" [stack: 0x0000007661200000,0x0000007661300000] [id=10368]
  0x0000020531118f70 WatcherThread [stack: 0x0000007662100000,0x0000007662200000] [id=11004]
  0x00000205310f7600 GCTaskThread "GC Thread#0" [stack: 0x0000007660d00000,0x0000007660e00000] [id=17928]
  0x0000020543fde2d0 GCTaskThread "GC Thread#1" [stack: 0x0000007662300000,0x0000007662400000] [id=12956]
  0x0000020544388f50 GCTaskThread "GC Thread#2" [stack: 0x0000007662400000,0x0000007662500000] [id=3508]
  0x00000205443b8430 GCTaskThread "GC Thread#3" [stack: 0x0000007662500000,0x0000007662600000] [id=3788]
  0x00000205443b8af0 GCTaskThread "GC Thread#4" [stack: 0x0000007662600000,0x0000007662700000] [id=17656]
  0x00000205443b91b0 GCTaskThread "GC Thread#5" [stack: 0x0000007662700000,0x0000007662800000] [id=13932]
  0x00000205443b9cf0 GCTaskThread "GC Thread#6" [stack: 0x0000007662800000,0x0000007662900000] [id=17844]
  0x00000205443bb040 GCTaskThread "GC Thread#7" [stack: 0x0000007662900000,0x0000007662a00000] [id=5228]
  0x0000020531108140 ConcurrentGCThread "G1 Main Marker" [stack: 0x0000007660e00000,0x0000007660f00000] [id=13332]
  0x00000205311092f0 ConcurrentGCThread "G1 Conc#0" [stack: 0x0000007660f00000,0x0000007661000000] [id=4120]
  0x000002053115e800 ConcurrentGCThread "G1 Refine#0" [stack: 0x0000007661000000,0x0000007661100000] [id=1548]
  0x00000205443c4380 ConcurrentGCThread "G1 Refine#1" [stack: 0x0000007662a00000,0x0000007662b00000] [id=14948]
  0x00000205443d7e20 ConcurrentGCThread "G1 Refine#2" [stack: 0x0000007662b00000,0x0000007662c00000] [id=14528]
  0x0000020542e34330 ConcurrentGCThread "G1 Service" [stack: 0x0000007661100000,0x0000007661200000] [id=3136]

Threads with active compile tasks:

VM state: not at safepoint (normal execution)

VM Mutex/Monitor currently owned by a thread:  ([mutex/lock_event])
[0x0000020531095480] Metaspace_lock - owner thread: 0x00000205443cfd10

Heap address: 0x0000000082000000, size: 2016 MB, Compressed Oops mode: 32-bit

CDS archive(s) mapped at: [0x0000000800000000-0x0000000800bc0000-0x0000000800bc0000), size 12320768, SharedBaseAddress: 0x0000000800000000, ArchiveRelocationMode: 0.
Compressed class space mapped at: 0x0000000800c00000-0x0000000840c00000, reserved size: 1073741824
Narrow klass base: 0x0000000800000000, Narrow klass shift: 0, Narrow klass range: 0x100000000

GC Precious Log:
 CPUs: 8 total, 8 available
 Memory: 8057M
 Large Page Support: Disabled
 NUMA Support: Disabled
 Compressed Oops: Enabled (32-bit)
 Heap Region Size: 1M
 Heap Min Capacity: 8M
 Heap Initial Capacity: 126M
 Heap Max Capacity: 2016M
 Pre-touch: Disabled
 Parallel Workers: 8
 Concurrent Workers: 2
 Concurrent Refinement Workers: 8
 Periodic GC: Disabled

Heap:
 garbage-first heap   total 129024K, used 55849K [0x0000000082000000, 0x0000000100000000)
  region size 1024K, 48 young (49152K), 2 survivors (2048K)
 Metaspace       used 17180K, committed 17408K, reserved 1064960K
  class space    used 2357K, committed 2496K, reserved 1048576K

Heap Regions: E=young(eden), S=young(survivor), O=old, HS=humongous(starts), HC=humongous(continues), CS=collection set, F=free, OA=open archive, CA=closed archive, TAMS=top-at-mark-start (previous, next)
|   0|0x0000000082000000, 0x0000000082100000, 0x0000000082100000|100%|HS|  |TAMS 0x0000000082000000, 0x0000000082000000| Complete 
|   1|0x0000000082100000, 0x0000000082200000, 0x0000000082200000|100%| O|  |TAMS 0x0000000082100000, 0x0000000082100000| Untracked 
|   2|0x0000000082200000, 0x0000000082300000, 0x0000000082300000|100%| O|  |TAMS 0x0000000082200000, 0x0000000082200000| Untracked 
|   3|0x0000000082300000, 0x0000000082400000, 0x0000000082400000|100%| O|  |TAMS 0x0000000082300000, 0x0000000082300000| Untracked 
|   4|0x0000000082400000, 0x0000000082500000, 0x0000000082500000|100%| O|  |TAMS 0x0000000082400000, 0x0000000082400000| Untracked 
|   5|0x0000000082500000, 0x0000000082600000, 0x0000000082600000|100%| O|  |TAMS 0x0000000082500000, 0x0000000082500000| Untracked 
|   6|0x0000000082600000, 0x0000000082700000, 0x0000000082700000|100%| O|  |TAMS 0x0000000082600000, 0x0000000082600000| Untracked 
|   7|0x0000000082700000, 0x0000000082800000, 0x0000000082800000|100%| O|  |TAMS 0x0000000082700000, 0x0000000082700000| Untracked 
|   8|0x0000000082800000, 0x00000000828f4400, 0x0000000082900000| 95%| O|  |TAMS 0x0000000082800000, 0x0000000082800000| Untracked 
|   9|0x0000000082900000, 0x0000000082900000, 0x0000000082a00000|  0%| F|  |TAMS 0x0000000082900000, 0x0000000082900000| Untracked 
|  10|0x0000000082a00000, 0x0000000082a00000, 0x0000000082b00000|  0%| F|  |TAMS 0x0000000082a00000, 0x0000000082a00000| Untracked 
|  11|0x0000000082b00000, 0x0000000082b00000, 0x0000000082c00000|  0%| F|  |TAMS 0x0000000082b00000, 0x0000000082b00000| Untracked 
|  12|0x0000000082c00000, 0x0000000082c00000, 0x0000000082d00000|  0%| F|  |TAMS 0x0000000082c00000, 0x0000000082c00000| Untracked 
|  13|0x0000000082d00000, 0x0000000082d00000, 0x0000000082e00000|  0%| F|  |TAMS 0x0000000082d00000, 0x0000000082d00000| Untracked 
|  14|0x0000000082e00000, 0x0000000082e00000, 0x0000000082f00000|  0%| F|  |TAMS 0x0000000082e00000, 0x0000000082e00000| Untracked 
|  15|0x0000000082f00000, 0x0000000082f00000, 0x0000000083000000|  0%| F|  |TAMS 0x0000000082f00000, 0x0000000082f00000| Untracked 
|  16|0x0000000083000000, 0x0000000083000000, 0x0000000083100000|  0%| F|  |TAMS 0x0000000083000000, 0x0000000083000000| Untracked 
|  17|0x0000000083100000, 0x0000000083100000, 0x0000000083200000|  0%| F|  |TAMS 0x0000000083100000, 0x0000000083100000| Untracked 
|  18|0x0000000083200000, 0x0000000083200000, 0x0000000083300000|  0%| F|  |TAMS 0x0000000083200000, 0x0000000083200000| Untracked 
|  19|0x0000000083300000, 0x0000000083300000, 0x0000000083400000|  0%| F|  |TAMS 0x0000000083300000, 0x0000000083300000| Untracked 
|  20|0x0000000083400000, 0x0000000083400000, 0x0000000083500000|  0%| F|  |TAMS 0x0000000083400000, 0x0000000083400000| Untracked 
|  21|0x0000000083500000, 0x0000000083500000, 0x0000000083600000|  0%| F|  |TAMS 0x0000000083500000, 0x0000000083500000| Untracked 
|  22|0x0000000083600000, 0x0000000083600000, 0x0000000083700000|  0%| F|  |TAMS 0x0000000083600000, 0x0000000083600000| Untracked 
|  23|0x0000000083700000, 0x0000000083700000, 0x0000000083800000|  0%| F|  |TAMS 0x0000000083700000, 0x0000000083700000| Untracked 
|  24|0x0000000083800000, 0x0000000083800000, 0x0000000083900000|  0%| F|  |TAMS 0x0000000083800000, 0x0000000083800000| Untracked 
|  25|0x0000000083900000, 0x0000000083900000, 0x0000000083a00000|  0%| F|  |TAMS 0x0000000083900000, 0x0000000083900000| Untracked 
|  26|0x0000000083a00000, 0x0000000083a00000, 0x0000000083b00000|  0%| F|  |TAMS 0x0000000083a00000, 0x0000000083a00000| Untracked 
|  27|0x0000000083b00000, 0x0000000083b00000, 0x0000000083c00000|  0%| F|  |TAMS 0x0000000083b00000, 0x0000000083b00000| Untracked 
|  28|0x0000000083c00000, 0x0000000083c00000, 0x0000000083d00000|  0%| F|  |TAMS 0x0000000083c00000, 0x0000000083c00000| Untracked 
|  29|0x0000000083d00000, 0x0000000083d00000, 0x0000000083e00000|  0%| F|  |TAMS 0x0000000083d00000, 0x0000000083d00000| Untracked 
|  30|0x0000000083e00000, 0x0000000083e00000, 0x0000000083f00000|  0%| F|  |TAMS 0x0000000083e00000, 0x0000000083e00000| Untracked 
|  31|0x0000000083f00000, 0x0000000083f00000, 0x0000000084000000|  0%| F|  |TAMS 0x0000000083f00000, 0x0000000083f00000| Untracked 
|  32|0x0000000084000000, 0x0000000084000000, 0x0000000084100000|  0%| F|  |TAMS 0x0000000084000000, 0x0000000084000000| Untracked 
|  33|0x0000000084100000, 0x0000000084100000, 0x0000000084200000|  0%| F|  |TAMS 0x0000000084100000, 0x0000000084100000| Untracked 
|  34|0x0000000084200000, 0x0000000084200000, 0x0000000084300000|  0%| F|  |TAMS 0x0000000084200000, 0x0000000084200000| Untracked 
|  35|0x0000000084300000, 0x0000000084300000, 0x0000000084400000|  0%| F|  |TAMS 0x0000000084300000, 0x0000000084300000| Untracked 
|  36|0x0000000084400000, 0x0000000084400000, 0x0000000084500000|  0%| F|  |TAMS 0x0000000084400000, 0x0000000084400000| Untracked 
|  37|0x0000000084500000, 0x0000000084500000, 0x0000000084600000|  0%| F|  |TAMS 0x0000000084500000, 0x0000000084500000| Untracked 
|  38|0x0000000084600000, 0x0000000084600000, 0x0000000084700000|  0%| F|  |TAMS 0x0000000084600000, 0x0000000084600000| Untracked 
|  39|0x0000000084700000, 0x0000000084700000, 0x0000000084800000|  0%| F|  |TAMS 0x0000000084700000, 0x0000000084700000| Untracked 
|  40|0x0000000084800000, 0x0000000084800000, 0x0000000084900000|  0%| F|  |TAMS 0x0000000084800000, 0x0000000084800000| Untracked 
|  41|0x0000000084900000, 0x0000000084900000, 0x0000000084a00000|  0%| F|  |TAMS 0x0000000084900000, 0x0000000084900000| Untracked 
|  42|0x0000000084a00000, 0x0000000084a00000, 0x0000000084b00000|  0%| F|  |TAMS 0x0000000084a00000, 0x0000000084a00000| Untracked 
|  43|0x0000000084b00000, 0x0000000084b00000, 0x0000000084c00000|  0%| F|  |TAMS 0x0000000084b00000, 0x0000000084b00000| Untracked 
|  44|0x0000000084c00000, 0x0000000084c00000, 0x0000000084d00000|  0%| F|  |TAMS 0x0000000084c00000, 0x0000000084c00000| Untracked 
|  45|0x0000000084d00000, 0x0000000084d00000, 0x0000000084e00000|  0%| F|  |TAMS 0x0000000084d00000, 0x0000000084d00000| Untracked 
|  46|0x0000000084e00000, 0x0000000084e00000, 0x0000000084f00000|  0%| F|  |TAMS 0x0000000084e00000, 0x0000000084e00000| Untracked 
|  47|0x0000000084f00000, 0x0000000084f00000, 0x0000000085000000|  0%| F|  |TAMS 0x0000000084f00000, 0x0000000084f00000| Untracked 
|  48|0x0000000085000000, 0x0000000085000000, 0x0000000085100000|  0%| F|  |TAMS 0x0000000085000000, 0x0000000085000000| Untracked 
|  49|0x0000000085100000, 0x0000000085100000, 0x0000000085200000|  0%| F|  |TAMS 0x0000000085100000, 0x0000000085100000| Untracked 
|  50|0x0000000085200000, 0x0000000085200000, 0x0000000085300000|  0%| F|  |TAMS 0x0000000085200000, 0x0000000085200000| Untracked 
|  51|0x0000000085300000, 0x0000000085300000, 0x0000000085400000|  0%| F|  |TAMS 0x0000000085300000, 0x0000000085300000| Untracked 
|  52|0x0000000085400000, 0x0000000085400000, 0x0000000085500000|  0%| F|  |TAMS 0x0000000085400000, 0x0000000085400000| Untracked 
|  53|0x0000000085500000, 0x0000000085500000, 0x0000000085600000|  0%| F|  |TAMS 0x0000000085500000, 0x0000000085500000| Untracked 
|  54|0x0000000085600000, 0x0000000085600000, 0x0000000085700000|  0%| F|  |TAMS 0x0000000085600000, 0x0000000085600000| Untracked 
|  55|0x0000000085700000, 0x0000000085700000, 0x0000000085800000|  0%| F|  |TAMS 0x0000000085700000, 0x0000000085700000| Untracked 
|  56|0x0000000085800000, 0x0000000085800000, 0x0000000085900000|  0%| F|  |TAMS 0x0000000085800000, 0x0000000085800000| Untracked 
|  57|0x0000000085900000, 0x0000000085900000, 0x0000000085a00000|  0%| F|  |TAMS 0x0000000085900000, 0x0000000085900000| Untracked 
|  58|0x0000000085a00000, 0x0000000085a00000, 0x0000000085b00000|  0%| F|  |TAMS 0x0000000085a00000, 0x0000000085a00000| Untracked 
|  59|0x0000000085b00000, 0x0000000085b00000, 0x0000000085c00000|  0%| F|  |TAMS 0x0000000085b00000, 0x0000000085b00000| Untracked 
|  60|0x0000000085c00000, 0x0000000085c00000, 0x0000000085d00000|  0%| F|  |TAMS 0x0000000085c00000, 0x0000000085c00000| Untracked 
|  61|0x0000000085d00000, 0x0000000085d00000, 0x0000000085e00000|  0%| F|  |TAMS 0x0000000085d00000, 0x0000000085d00000| Untracked 
|  62|0x0000000085e00000, 0x0000000085e00000, 0x0000000085f00000|  0%| F|  |TAMS 0x0000000085e00000, 0x0000000085e00000| Untracked 
|  63|0x0000000085f00000, 0x0000000085f00000, 0x0000000086000000|  0%| F|  |TAMS 0x0000000085f00000, 0x0000000085f00000| Untracked 
|  64|0x0000000086000000, 0x0000000086000000, 0x0000000086100000|  0%| F|  |TAMS 0x0000000086000000, 0x0000000086000000| Untracked 
|  65|0x0000000086100000, 0x0000000086100000, 0x0000000086200000|  0%| F|  |TAMS 0x0000000086100000, 0x0000000086100000| Untracked 
|  66|0x0000000086200000, 0x0000000086200000, 0x0000000086300000|  0%| F|  |TAMS 0x0000000086200000, 0x0000000086200000| Untracked 
|  67|0x0000000086300000, 0x0000000086300000, 0x0000000086400000|  0%| F|  |TAMS 0x0000000086300000, 0x0000000086300000| Untracked 
|  68|0x0000000086400000, 0x0000000086400000, 0x0000000086500000|  0%| F|  |TAMS 0x0000000086400000, 0x0000000086400000| Untracked 
|  69|0x0000000086500000, 0x0000000086500000, 0x0000000086600000|  0%| F|  |TAMS 0x0000000086500000, 0x0000000086500000| Untracked 
|  70|0x0000000086600000, 0x0000000086600000, 0x0000000086700000|  0%| F|  |TAMS 0x0000000086600000, 0x0000000086600000| Untracked 
|  71|0x0000000086700000, 0x0000000086700000, 0x0000000086800000|  0%| F|  |TAMS 0x0000000086700000, 0x0000000086700000| Untracked 
|  72|0x0000000086800000, 0x0000000086800000, 0x0000000086900000|  0%| F|  |TAMS 0x0000000086800000, 0x0000000086800000| Untracked 
|  73|0x0000000086900000, 0x0000000086900000, 0x0000000086a00000|  0%| F|  |TAMS 0x0000000086900000, 0x0000000086900000| Untracked 
|  74|0x0000000086a00000, 0x0000000086a00000, 0x0000000086b00000|  0%| F|  |TAMS 0x0000000086a00000, 0x0000000086a00000| Untracked 
|  75|0x0000000086b00000, 0x0000000086b00000, 0x0000000086c00000|  0%| F|  |TAMS 0x0000000086b00000, 0x0000000086b00000| Untracked 
|  76|0x0000000086c00000, 0x0000000086c00000, 0x0000000086d00000|  0%| F|  |TAMS 0x0000000086c00000, 0x0000000086c00000| Untracked 
|  77|0x0000000086d00000, 0x0000000086d00000, 0x0000000086e00000|  0%| F|  |TAMS 0x0000000086d00000, 0x0000000086d00000| Untracked 
|  78|0x0000000086e00000, 0x0000000086e56608, 0x0000000086f00000| 33%| E|  |TAMS 0x0000000086e00000, 0x0000000086e00000| Complete 
|  79|0x0000000086f00000, 0x0000000087000000, 0x0000000087000000|100%| E|CS|TAMS 0x0000000086f00000, 0x0000000086f00000| Complete 
|  80|0x0000000087000000, 0x0000000087100000, 0x0000000087100000|100%| E|CS|TAMS 0x0000000087000000, 0x0000000087000000| Complete 
|  81|0x0000000087100000, 0x0000000087200000, 0x0000000087200000|100%| E|CS|TAMS 0x0000000087100000, 0x0000000087100000| Complete 
|  82|0x0000000087200000, 0x0000000087300000, 0x0000000087300000|100%| E|CS|TAMS 0x0000000087200000, 0x0000000087200000| Complete 
|  83|0x0000000087300000, 0x0000000087400000, 0x0000000087400000|100%| E|CS|TAMS 0x0000000087300000, 0x0000000087300000| Complete 
|  84|0x0000000087400000, 0x0000000087500000, 0x0000000087500000|100%| E|CS|TAMS 0x0000000087400000, 0x0000000087400000| Complete 
|  85|0x0000000087500000, 0x0000000087600000, 0x0000000087600000|100%| E|CS|TAMS 0x0000000087500000, 0x0000000087500000| Complete 
|  86|0x0000000087600000, 0x0000000087700000, 0x0000000087700000|100%| E|CS|TAMS 0x0000000087600000, 0x0000000087600000| Complete 
|  87|0x0000000087700000, 0x0000000087800000, 0x0000000087800000|100%| E|CS|TAMS 0x0000000087700000, 0x0000000087700000| Complete 
|  88|0x0000000087800000, 0x0000000087900000, 0x0000000087900000|100%| E|CS|TAMS 0x0000000087800000, 0x0000000087800000| Complete 
|  89|0x0000000087900000, 0x0000000087a00000, 0x0000000087a00000|100%| E|  |TAMS 0x0000000087900000, 0x0000000087900000| Complete 
|  90|0x0000000087a00000, 0x0000000087b00000, 0x0000000087b00000|100%| E|CS|TAMS 0x0000000087a00000, 0x0000000087a00000| Complete 
|  91|0x0000000087b00000, 0x0000000087c00000, 0x0000000087c00000|100%| E|CS|TAMS 0x0000000087b00000, 0x0000000087b00000| Complete 
|  92|0x0000000087c00000, 0x0000000087d00000, 0x0000000087d00000|100%| E|CS|TAMS 0x0000000087c00000, 0x0000000087c00000| Complete 
|  93|0x0000000087d00000, 0x0000000087e00000, 0x0000000087e00000|100%| E|CS|TAMS 0x0000000087d00000, 0x0000000087d00000| Complete 
|  94|0x0000000087e00000, 0x0000000087f00000, 0x0000000087f00000|100%| E|CS|TAMS 0x0000000087e00000, 0x0000000087e00000| Complete 
|  95|0x0000000087f00000, 0x0000000088000000, 0x0000000088000000|100%| E|CS|TAMS 0x0000000087f00000, 0x0000000087f00000| Complete 
|  96|0x0000000088000000, 0x0000000088100000, 0x0000000088100000|100%| E|CS|TAMS 0x0000000088000000, 0x0000000088000000| Complete 
|  97|0x0000000088100000, 0x0000000088200000, 0x0000000088200000|100%| E|CS|TAMS 0x0000000088100000, 0x0000000088100000| Complete 
|  98|0x0000000088200000, 0x0000000088300000, 0x0000000088300000|100%| E|CS|TAMS 0x0000000088200000, 0x0000000088200000| Complete 
|  99|0x0000000088300000, 0x0000000088400000, 0x0000000088400000|100%| E|CS|TAMS 0x0000000088300000, 0x0000000088300000| Complete 
| 100|0x0000000088400000, 0x0000000088500000, 0x0000000088500000|100%| E|CS|TAMS 0x0000000088400000, 0x0000000088400000| Complete 
| 101|0x0000000088500000, 0x0000000088600000, 0x0000000088600000|100%| E|CS|TAMS 0x0000000088500000, 0x0000000088500000| Complete 
| 102|0x0000000088600000, 0x0000000088700000, 0x0000000088700000|100%| E|CS|TAMS 0x0000000088600000, 0x0000000088600000| Complete 
| 103|0x0000000088700000, 0x0000000088800000, 0x0000000088800000|100%| E|CS|TAMS 0x0000000088700000, 0x0000000088700000| Complete 
| 104|0x0000000088800000, 0x0000000088900000, 0x0000000088900000|100%| E|CS|TAMS 0x0000000088800000, 0x0000000088800000| Complete 
| 105|0x0000000088900000, 0x0000000088996030, 0x0000000088a00000| 58%| S|CS|TAMS 0x0000000088900000, 0x0000000088900000| Complete 
| 106|0x0000000088a00000, 0x0000000088b00000, 0x0000000088b00000|100%| S|CS|TAMS 0x0000000088a00000, 0x0000000088a00000| Complete 
| 107|0x0000000088b00000, 0x0000000088c00000, 0x0000000088c00000|100%| E|CS|TAMS 0x0000000088b00000, 0x0000000088b00000| Complete 
| 108|0x0000000088c00000, 0x0000000088d00000, 0x0000000088d00000|100%| E|CS|TAMS 0x0000000088c00000, 0x0000000088c00000| Complete 
| 109|0x0000000088d00000, 0x0000000088e00000, 0x0000000088e00000|100%| E|CS|TAMS 0x0000000088d00000, 0x0000000088d00000| Complete 
| 110|0x0000000088e00000, 0x0000000088f00000, 0x0000000088f00000|100%| E|CS|TAMS 0x0000000088e00000, 0x0000000088e00000| Complete 
| 111|0x0000000088f00000, 0x0000000089000000, 0x0000000089000000|100%| E|CS|TAMS 0x0000000088f00000, 0x0000000088f00000| Complete 
| 112|0x0000000089000000, 0x0000000089100000, 0x0000000089100000|100%| E|CS|TAMS 0x0000000089000000, 0x0000000089000000| Complete 
| 113|0x0000000089100000, 0x0000000089200000, 0x0000000089200000|100%| E|CS|TAMS 0x0000000089100000, 0x0000000089100000| Complete 
| 114|0x0000000089200000, 0x0000000089300000, 0x0000000089300000|100%| E|CS|TAMS 0x0000000089200000, 0x0000000089200000| Complete 
| 115|0x0000000089300000, 0x0000000089400000, 0x0000000089400000|100%| E|CS|TAMS 0x0000000089300000, 0x0000000089300000| Complete 
| 116|0x0000000089400000, 0x0000000089500000, 0x0000000089500000|100%| E|CS|TAMS 0x0000000089400000, 0x0000000089400000| Complete 
| 117|0x0000000089500000, 0x0000000089600000, 0x0000000089600000|100%| E|CS|TAMS 0x0000000089500000, 0x0000000089500000| Complete 
| 118|0x0000000089600000, 0x0000000089700000, 0x0000000089700000|100%| E|CS|TAMS 0x0000000089600000, 0x0000000089600000| Complete 
| 119|0x0000000089700000, 0x0000000089800000, 0x0000000089800000|100%| E|CS|TAMS 0x0000000089700000, 0x0000000089700000| Complete 
| 120|0x0000000089800000, 0x0000000089900000, 0x0000000089900000|100%| E|CS|TAMS 0x0000000089800000, 0x0000000089800000| Complete 
| 121|0x0000000089900000, 0x0000000089a00000, 0x0000000089a00000|100%| E|CS|TAMS 0x0000000089900000, 0x0000000089900000| Complete 
| 122|0x0000000089a00000, 0x0000000089b00000, 0x0000000089b00000|100%| E|CS|TAMS 0x0000000089a00000, 0x0000000089a00000| Complete 
| 123|0x0000000089b00000, 0x0000000089c00000, 0x0000000089c00000|100%| E|CS|TAMS 0x0000000089b00000, 0x0000000089b00000| Complete 
| 124|0x0000000089c00000, 0x0000000089d00000, 0x0000000089d00000|100%| E|CS|TAMS 0x0000000089c00000, 0x0000000089c00000| Complete 
| 125|0x0000000089d00000, 0x0000000089e00000, 0x0000000089e00000|100%| E|CS|TAMS 0x0000000089d00000, 0x0000000089d00000| Complete 

Card table byte_map: [0x000002053be00000,0x000002053c1f0000] _byte_map_base: 0x000002053b9f0000

Marking Bits (Prev, Next): (CMBitMap*) 0x00000205310f7c10, (CMBitMap*) 0x00000205310f7c50
 Prev Bits: [0x000002053c5e0000, 0x000002053e560000)
 Next Bits: [0x000002053e560000, 0x00000205404e0000)

Polling page: 0x000002052f230000

Metaspace:

Usage:
  Non-class:     14.48 MB used.
      Class:      2.30 MB used.
       Both:     16.78 MB used.

Virtual space:
  Non-class space:       16.00 MB reserved,      14.56 MB ( 91%) committed,  2 nodes.
      Class space:        1.00 GB reserved,       2.44 MB ( <1%) committed,  1 nodes.
             Both:        1.02 GB reserved,      17.00 MB (  2%) committed. 

Chunk freelists:
   Non-Class:  688.00 KB
       Class:  1.60 MB
        Both:  2.27 MB

MaxMetaspaceSize: unlimited
CompressedClassSpaceSize: 1.00 GB
Initial GC threshold: 21.00 MB
Current GC threshold: 21.00 MB
CDS: on
MetaspaceReclaimPolicy: balanced
 - commit_granule_bytes: 65536.
 - commit_granule_words: 8192.
 - virtual_space_node_default_size: 1048576.
 - enlarge_chunks_in_place: 1.
 - new_chunks_are_fully_committed: 0.
 - uncommit_free_chunks: 1.
 - use_allocation_guard: 0.
 - handle_deallocations: 1.


Internal statistics:

num_allocs_failed_limit: 0.
num_arena_births: 278.
num_arena_deaths: 0.
num_vsnodes_births: 3.
num_vsnodes_deaths: 0.
num_space_committed: 272.
num_space_uncommitted: 0.
num_chunks_returned_to_freelist: 0.
num_chunks_taken_from_freelist: 796.
num_chunk_merges: 0.
num_chunk_splits: 525.
num_chunks_enlarged: 362.
num_purges: 0.
num_inconsistent_stats: 0.

CodeCache: size=49152Kb used=7043Kb max_used=7043Kb free=42108Kb
 bounds [0x0000020538900000, 0x0000020538ff0000, 0x000002053b900000]
 total_blobs=3219 nmethods=2733 adapters=410
 compilation: enabled
              stopped_count=0, restarted_count=0
 full_count=0

Compilation events (20 events):
Event: 2.731 Thread 0x0000020544127e30 nmethod 2723 0x0000020538fdba90 code [0x0000020538fdbc20, 0x0000020538fdbcf8]
Event: 2.735 Thread 0x0000020543985070 2724   !   1       java.util.concurrent.CopyOnWriteArrayList::add (46 bytes)
Event: 2.736 Thread 0x0000020543985070 nmethod 2724 0x0000020538fdbd90 code [0x0000020538fdbf40, 0x0000020538fdc2a8]
Event: 2.737 Thread 0x0000020543985070 2725       1       org.springframework.core.annotation.AnnotationsScanner::hasPlainJavaAnnotationsOnly (24 bytes)
Event: 2.738 Thread 0x0000020543985070 nmethod 2725 0x0000020538fdc510 code [0x0000020538fdc6c0, 0x0000020538fdc818]
Event: 2.745 Thread 0x0000020543985070 2726 %     1       java.util.Properties::load0 @ 29 (249 bytes)
Event: 2.746 Thread 0x0000020543985070 nmethod 2726% 0x0000020538fdcc10 code [0x0000020538fdce00, 0x0000020538fdd2e8]
Event: 2.746 Thread 0x0000020542f9b620 2727       1       java.util.Properties::load0 (249 bytes)
Event: 2.746 Thread 0x0000020542f9b620 nmethod 2727 0x0000020538fdd610 code [0x0000020538fdd800, 0x0000020538fddbc8]
Event: 2.759 Thread 0x0000020543985070 2728       1       java.lang.Class::getMethod (59 bytes)
Event: 2.759 Thread 0x0000020543985580 2729       1       java.lang.Class::getMethod0 (31 bytes)
Event: 2.759 Thread 0x0000020544127e30 2730       1       jdk.internal.reflect.DelegatingMethodAccessorImpl::invoke (10 bytes)
Event: 2.759 Thread 0x0000020543985580 nmethod 2729 0x0000020538fde190 code [0x0000020538fde340, 0x0000020538fde478]
Event: 2.759 Thread 0x0000020544127e30 nmethod 2730 0x0000020538fde510 code [0x0000020538fde6a0, 0x0000020538fde788]
Event: 2.760 Thread 0x0000020543985070 nmethod 2728 0x0000020538fde810 code [0x0000020538fdea40, 0x0000020538fdef38]
Event: 2.775 Thread 0x0000020543985070 2731       1       java.lang.NamedPackage::<init> (59 bytes)
Event: 2.775 Thread 0x0000020543985070 nmethod 2731 0x0000020538fdf290 code [0x0000020538fdf4a0, 0x0000020538fdf9d8]
Event: 2.798 Thread 0x0000020544127e30 2733       1       java.lang.Package::<init> (47 bytes)
Event: 2.798 Thread 0x0000020543985070 2732       1       java.lang.ClassLoader::definePackage (53 bytes)
Event: 2.798 Thread 0x0000020542f9b620 2734       1       java.lang.Package$VersionInfo::getInstance (53 bytes)

GC Heap History (4 events):
Event: 1.373 GC heap before
{Heap before GC invocations=0 (full 0):
 garbage-first heap   total 129024K, used 24576K [0x0000000082000000, 0x0000000100000000)
  region size 1024K, 23 young (23552K), 0 survivors (0K)
 Metaspace       used 6690K, committed 6848K, reserved 1056768K
  class space    used 801K, committed 896K, reserved 1048576K
}
Event: 1.384 GC heap after
{Heap after GC invocations=1 (full 0):
 garbage-first heap   total 129024K, used 9002K [0x0000000082000000, 0x0000000100000000)
  region size 1024K, 3 young (3072K), 3 survivors (3072K)
 Metaspace       used 6690K, committed 6848K, reserved 1056768K
  class space    used 801K, committed 896K, reserved 1048576K
}
Event: 1.916 GC heap before
{Heap before GC invocations=1 (full 0):
 garbage-first heap   total 129024K, used 28458K [0x0000000082000000, 0x0000000100000000)
  region size 1024K, 22 young (22528K), 3 survivors (3072K)
 Metaspace       used 9859K, committed 10176K, reserved 1064960K
  class space    used 1310K, committed 1472K, reserved 1048576K
}
Event: 1.921 GC heap after
{Heap after GC invocations=2 (full 0):
 garbage-first heap   total 129024K, used 10793K [0x0000000082000000, 0x0000000100000000)
  region size 1024K, 2 young (2048K), 2 survivors (2048K)
 Metaspace       used 9859K, committed 10176K, reserved 1064960K
  class space    used 1310K, committed 1472K, reserved 1048576K
}

Deoptimization events (6 events):
Event: 1.235 Thread 0x000002053109b700 DEOPT PACKING pc=0x0000020538be59f5 sp=0x0000007660cfd790
Event: 1.235 Thread 0x000002053109b700 DEOPT UNPACKING pc=0x0000020538952b43 sp=0x0000007660cfcbe8 mode 3
Event: 2.103 Thread 0x00000205443cfd10 DEOPT PACKING pc=0x0000020538ecea99 sp=0x00000076630fc810
Event: 2.103 Thread 0x00000205443cfd10 DEOPT UNPACKING pc=0x0000020538952b43 sp=0x00000076630fbcf0 mode 3
Event: 2.317 Thread 0x00000205444fd2f0 DEOPT PACKING pc=0x0000020538effd2d sp=0x0000007662ef9b20
Event: 2.317 Thread 0x00000205444fd2f0 DEOPT UNPACKING pc=0x0000020538952b43 sp=0x0000007662ef9080 mode 3

Classes unloaded (0 events):
No events

Classes redefined (0 events):
No events

Internal exceptions (20 events):
Event: 2.180 Thread 0x00000205443cfd10 Exception <a 'java/lang/ClassNotFoundException'{0x0000000089379aa0}: java/lang/ObjectCustomizer> (0x0000000089379aa0) 
thrown [t:\workspace\open\src\hotspot\share\classfile\systemDictionary.cpp, line 256]
Event: 2.185 Thread 0x00000205443cfd10 Exception <a 'java/lang/IncompatibleClassChangeError'{0x000000008937e810}: Found class java.lang.Object, but interface was expected> (0x000000008937e810) 
thrown [t:\workspace\open\src\hotspot\share\interpreter\linkResolver.cpp, line 833]
Event: 2.192 Thread 0x00000205443cfd10 Exception <a 'java/lang/ClassNotFoundException'{0x0000000089394250}: org/springframework/context/annotation/ConfigurationClassPostProcessorCustomizer> (0x0000000089394250) 
thrown [t:\workspace\open\src\hotspot\share\classfile\systemDictionary.cpp, line 256]
Event: 2.197 Thread 0x00000205443cfd10 Exception <a 'java/lang/ClassNotFoundException'{0x00000000893badd8}: org/springframework/beans/factory/support/BeanDefinitionRegistryPostProcessorCustomizer> (0x00000000893badd8) 
thrown [t:\workspace\open\src\hotspot\share\classfile\systemDictionary.cpp, line 256]
Event: 2.197 Thread 0x00000205443cfd10 Exception <a 'java/lang/ClassNotFoundException'{0x00000000893c1cf0}: org/springframework/beans/factory/config/BeanFactoryPostProcessorCustomizer> (0x00000000893c1cf0) 
thrown [t:\workspace\open\src\hotspot\share\classfile\systemDictionary.cpp, line 256]
Event: 2.198 Thread 0x00000205443cfd10 Exception <a 'java/lang/ClassNotFoundException'{0x00000000893c86d0}: org/springframework/core/PriorityOrderedCustomizer> (0x00000000893c86d0) 
thrown [t:\workspace\open\src\hotspot\share\classfile\systemDictionary.cpp, line 256]
Event: 2.199 Thread 0x00000205443cfd10 Exception <a 'java/lang/ClassNotFoundException'{0x00000000893cdc10}: org/springframework/core/OrderedCustomizer> (0x00000000893cdc10) 
thrown [t:\workspace\open\src\hotspot\share\classfile\systemDictionary.cpp, line 256]
Event: 2.200 Thread 0x00000205443cfd10 Exception <a 'java/lang/ClassNotFoundException'{0x00000000893d4588}: org/springframework/context/ResourceLoaderAwareCustomizer> (0x00000000893d4588) 
thrown [t:\workspace\open\src\hotspot\share\classfile\systemDictionary.cpp, line 256]
Event: 2.200 Thread 0x00000205443cfd10 Exception <a 'java/lang/ClassNotFoundException'{0x00000000893daf80}: org/springframework/beans/factory/AwareCustomizer> (0x00000000893daf80) 
thrown [t:\workspace\open\src\hotspot\share\classfile\systemDictionary.cpp, line 256]
Event: 2.201 Thread 0x00000205443cfd10 Exception <a 'java/lang/ClassNotFoundException'{0x00000000893e0a50}: org/springframework/context/ApplicationStartupAwareCustomizer> (0x00000000893e0a50) 
thrown [t:\workspace\open\src\hotspot\share\classfile\systemDictionary.cpp, line 256]
Event: 2.202 Thread 0x00000205443cfd10 Exception <a 'java/lang/ClassNotFoundException'{0x00000000893e76d0}: org/springframework/beans/factory/AwareCustomizer> (0x00000000893e76d0) 
thrown [t:\workspace\open\src\hotspot\share\classfile\systemDictionary.cpp, line 256]
Event: 2.202 Thread 0x00000205443cfd10 Exception <a 'java/lang/ClassNotFoundException'{0x00000000893ed2b0}: org/springframework/beans/factory/BeanClassLoaderAwareCustomizer> (0x00000000893ed2b0) 
thrown [t:\workspace\open\src\hotspot\share\classfile\systemDictionary.cpp, line 256]
Event: 2.204 Thread 0x00000205443cfd10 Exception <a 'java/lang/ClassNotFoundException'{0x00000000893f3c90}: org/springframework/beans/factory/AwareCustomizer> (0x00000000893f3c90) 
thrown [t:\workspace\open\src\hotspot\share\classfile\systemDictionary.cpp, line 256]
Event: 2.204 Thread 0x00000205443cfd10 Exception <a 'java/lang/ClassNotFoundException'{0x00000000893f9400}: org/springframework/context/EnvironmentAwareCustomizer> (0x00000000893f9400) 
thrown [t:\workspace\open\src\hotspot\share\classfile\systemDictionary.cpp, line 256]
Event: 2.206 Thread 0x00000205443cfd10 Exception <a 'java/lang/ClassNotFoundException'{0x00000000893ffd78}: org/springframework/beans/factory/AwareCustomizer> (0x00000000893ffd78) 
thrown [t:\workspace\open\src\hotspot\share\classfile\systemDictionary.cpp, line 256]
Event: 2.317 Thread 0x00000205444fd2f0 Implicit null exception at 0x0000020538eff623 to 0x0000020538effd28
Event: 2.324 Thread 0x00000205444fd2f0 Exception <a 'java/lang/NoSuchMethodError'{0x0000000088cbbeb0}: 'void java.lang.invoke.DirectMethodHandle$Holder.invokeInterface(java.lang.Object, java.lang.Object, java.lang.Object, java.lang.Object)'> (0x0000000088cbbeb0) 
thrown [t:\workspace\open\src\hotspot\share\interpreter\linkResolver.cpp, line 766]
Event: 2.519 Thread 0x000002054411d440 Exception <a 'java/lang/reflect/InvocationTargetException'{0x0000000089a16af8}> (0x0000000089a16af8) 
thrown [t:\workspace\open\src\hotspot\share\runtime\reflection.cpp, line 1121]
Event: 2.636 Thread 0x00000205444fd2f0 Exception <a 'java/lang/NoSuchMethodError'{0x00000000877c4b20}: 'java.lang.Object java.lang.invoke.DirectMethodHandle$Holder.invokeStaticInit(java.lang.Object, java.lang.Object, java.lang.Object)'> (0x00000000877c4b20) 
thrown [t:\workspace\open\src\hotspot\share\interpreter\linkResolver.cpp, line 766]
Event: 2.636 Thread 0x00000205444fd2f0 Exception <a 'java/lang/NoSuchMethodError'{0x00000000877caa10}: 'java.lang.Object java.lang.invoke.DirectMethodHandle$Holder.invokeStaticInit(java.lang.Object, java.lang.Object, java.lang.Object, java.lang.Object, java.lang.Object)'> (0x00000000877caa10) 
thrown [t:\workspace\open\src\hotspot\share\interpreter\linkResolver.cpp, line 766]

VM Operations (20 events):
Event: 1.168 Executing VM operation: Cleanup
Event: 1.168 Executing VM operation: Cleanup done
Event: 1.372 Executing VM operation: G1CollectForAllocation
Event: 1.384 Executing VM operation: G1CollectForAllocation done
Event: 1.448 Executing VM operation: HandshakeAllThreads
Event: 1.448 Executing VM operation: HandshakeAllThreads done
Event: 1.534 Executing VM operation: HandshakeAllThreads
Event: 1.534 Executing VM operation: HandshakeAllThreads done
Event: 1.818 Executing VM operation: HandshakeAllThreads
Event: 1.818 Executing VM operation: HandshakeAllThreads done
Event: 1.916 Executing VM operation: G1CollectForAllocation
Event: 1.921 Executing VM operation: G1CollectForAllocation done
Event: 2.115 Executing VM operation: HandshakeAllThreads
Event: 2.115 Executing VM operation: HandshakeAllThreads done
Event: 2.154 Executing VM operation: HandshakeAllThreads
Event: 2.154 Executing VM operation: HandshakeAllThreads done
Event: 2.219 Executing VM operation: HandshakeAllThreads
Event: 2.219 Executing VM operation: HandshakeAllThreads done
Event: 2.591 Executing VM operation: ICBufferFull
Event: 2.591 Executing VM operation: ICBufferFull done

Events (20 events):
Event: 2.658 loading class com/sun/org/apache/xalan/internal/utils/XMLSecurityPropertyManager done
Event: 2.658 loading class com/sun/org/apache/xalan/internal/utils/FeaturePropertyBase$State
Event: 2.658 loading class com/sun/org/apache/xalan/internal/utils/FeaturePropertyBase$State done
Event: 2.658 loading class com/sun/org/apache/xalan/internal/utils/XMLSecurityPropertyManager$Property
Event: 2.658 loading class com/sun/org/apache/xalan/internal/utils/XMLSecurityPropertyManager$Property done
Event: 2.658 loading class jdk/xml/internal/XMLSecurityManager
Event: 2.659 loading class jdk/xml/internal/XMLSecurityManager done
Event: 2.659 loading class jdk/xml/internal/XMLSecurityManager$Limit
Event: 2.660 loading class jdk/xml/internal/XMLSecurityManager$Limit done
Event: 2.660 loading class jdk/xml/internal/XMLSecurityManager$Processor
Event: 2.660 loading class jdk/xml/internal/XMLSecurityManager$Processor done
Event: 2.660 loading class jdk/xml/internal/XMLSecurityManager$NameMap
Event: 2.660 loading class jdk/xml/internal/XMLSecurityManager$NameMap done
Event: 2.661 loading class jdk/xml/internal/JdkProperty
Event: 2.661 loading class jdk/xml/internal/JdkProperty done
Event: 2.686 loading class java/beans/ConstructorProperties
Event: 2.686 loading class java/beans/ConstructorProperties done
Event: 2.718 loading class java/util/concurrent/atomic/AtomicReference
Event: 2.718 loading class java/util/concurrent/atomic/AtomicReference done
Event: 2.750 Thread 0x0000020545827170 Thread added: 0x0000020545827170


Dynamic libraries:
0x00007ff799050000 - 0x00007ff799060000 	C:\Program Files\Java\jdk-17.0.3.1\bin\java.exe
0x00007ffd16db0000 - 0x00007ffd16fa8000 	C:\WINDOWS\SYSTEM32\ntdll.dll
0x00007ffd16920000 - 0x00007ffd169df000 	C:\WINDOWS\System32\KERNEL32.DLL
0x00007ffd149c0000 - 0x00007ffd14c92000 	C:\WINDOWS\System32\KERNELBASE.dll
0x00007ffd14cf0000 - 0x00007ffd14df0000 	C:\WINDOWS\System32\ucrtbase.dll
0x00007ffd038f0000 - 0x00007ffd0390a000 	C:\Program Files\Java\jdk-17.0.3.1\bin\VCRUNTIME140.dll
0x00007ffd05710000 - 0x00007ffd05728000 	C:\Program Files\Java\jdk-17.0.3.1\bin\jli.dll
0x00007ffd16cc0000 - 0x00007ffd16d6e000 	C:\WINDOWS\System32\ADVAPI32.dll
0x00007ffd15fa0000 - 0x00007ffd1603e000 	C:\WINDOWS\System32\msvcrt.dll
0x00007ffd16b90000 - 0x00007ffd16c2c000 	C:\WINDOWS\System32\sechost.dll
0x00007ffd14e50000 - 0x00007ffd14f75000 	C:\WINDOWS\System32\RPCRT4.dll
0x00007ffd169e0000 - 0x00007ffd16b81000 	C:\WINDOWS\System32\USER32.dll
0x00007ffcffa70000 - 0x00007ffcffd0a000 	C:\WINDOWS\WinSxS\amd64_microsoft.windows.common-controls_6595b64144ccf1df_6.0.19041.1110_none_60b5254171f9507e\COMCTL32.dll
0x00007ffd14830000 - 0x00007ffd14852000 	C:\WINDOWS\System32\win32u.dll
0x00007ffd150f0000 - 0x00007ffd1511b000 	C:\WINDOWS\System32\GDI32.dll
0x00007ffd14540000 - 0x00007ffd1464f000 	C:\WINDOWS\System32\gdi32full.dll
0x00007ffd144a0000 - 0x00007ffd1453d000 	C:\WINDOWS\System32\msvcp_win.dll
0x00007ffd0b030000 - 0x00007ffd0b03a000 	C:\WINDOWS\SYSTEM32\VERSION.dll
0x00007ffd158d0000 - 0x00007ffd15902000 	C:\WINDOWS\System32\IMM32.DLL
0x00007ffd05610000 - 0x00007ffd0561c000 	C:\Program Files\Java\jdk-17.0.3.1\bin\vcruntime140_1.dll
0x00007ffce14e0000 - 0x00007ffce156d000 	C:\Program Files\Java\jdk-17.0.3.1\bin\msvcp140.dll
0x00007ffc75960000 - 0x00007ffc76520000 	C:\Program Files\Java\jdk-17.0.3.1\bin\server\jvm.dll
0x00007ffd150e0000 - 0x00007ffd150e8000 	C:\WINDOWS\System32\PSAPI.DLL
0x00007ffd031a0000 - 0x00007ffd031c7000 	C:\WINDOWS\SYSTEM32\WINMM.dll
0x00007ffd02240000 - 0x00007ffd02249000 	C:\WINDOWS\SYSTEM32\WSOCK32.dll
0x00007ffd159a0000 - 0x00007ffd15a0b000 	C:\WINDOWS\System32\WS2_32.dll
0x00007ffd12cf0000 - 0x00007ffd12d02000 	C:\WINDOWS\SYSTEM32\kernel.appcore.dll
0x00007ffcfe4f0000 - 0x00007ffcfe4fa000 	C:\Program Files\Java\jdk-17.0.3.1\bin\jimage.dll
0x00007ffd12270000 - 0x00007ffd12454000 	C:\WINDOWS\SYSTEM32\DBGHELP.DLL
0x00007ffcfec50000 - 0x00007ffcfec85000 	C:\WINDOWS\SYSTEM32\dbgcore.DLL
0x00007ffd14650000 - 0x00007ffd146d2000 	C:\WINDOWS\System32\bcryptPrimitives.dll
0x00007ffd10860000 - 0x00007ffd1086e000 	C:\Program Files\Java\jdk-17.0.3.1\bin\instrument.dll
0x00007ffce3a90000 - 0x00007ffce3ab5000 	C:\Program Files\Java\jdk-17.0.3.1\bin\java.dll
0x00007ffcdd770000 - 0x00007ffcdd846000 	C:\Program Files\Java\jdk-17.0.3.1\bin\jsvml.dll
0x00007ffd15180000 - 0x00007ffd158c4000 	C:\WINDOWS\System32\SHELL32.dll
0x00007ffd12540000 - 0x00007ffd12cd2000 	C:\WINDOWS\SYSTEM32\windows.storage.dll
0x00007ffd16040000 - 0x00007ffd16395000 	C:\WINDOWS\System32\combase.dll
0x00007ffd13f00000 - 0x00007ffd13f30000 	C:\WINDOWS\SYSTEM32\Wldp.dll
0x00007ffd15030000 - 0x00007ffd150dd000 	C:\WINDOWS\System32\SHCORE.dll
0x00007ffd16560000 - 0x00007ffd165b5000 	C:\WINDOWS\System32\shlwapi.dll
0x00007ffd143e0000 - 0x00007ffd143ff000 	C:\WINDOWS\SYSTEM32\profapi.dll
0x00007ffce3a70000 - 0x00007ffce3a88000 	C:\Program Files\Java\jdk-17.0.3.1\bin\zip.dll
0x00007ffce5fc0000 - 0x00007ffce5fd9000 	C:\Program Files\Java\jdk-17.0.3.1\bin\net.dll
0x00007ffd0dce0000 - 0x00007ffd0ddec000 	C:\WINDOWS\SYSTEM32\WINHTTP.dll
0x00007ffd13c60000 - 0x00007ffd13cca000 	C:\WINDOWS\system32\mswsock.dll
0x00007ffce4f70000 - 0x00007ffce4f86000 	C:\Program Files\Java\jdk-17.0.3.1\bin\nio.dll
0x00007ffd0cf10000 - 0x00007ffd0cf2a000 	C:\Program Files\JetBrains\IntelliJ IDEA 2022.1.3\bin\breakgen64.dll
0x00007ffd13940000 - 0x00007ffd13a0a000 	C:\WINDOWS\SYSTEM32\DNSAPI.dll
0x00007ffd13900000 - 0x00007ffd1393b000 	C:\WINDOWS\SYSTEM32\IPHLPAPI.DLL
0x00007ffd163a0000 - 0x00007ffd163a8000 	C:\WINDOWS\System32\NSI.dll
0x00007ffd04af0000 - 0x00007ffd04afa000 	C:\Windows\System32\rasadhlp.dll
0x00007ffd051c0000 - 0x00007ffd05240000 	C:\WINDOWS\System32\fwpuclnt.dll
0x00007ffd14800000 - 0x00007ffd14827000 	C:\WINDOWS\System32\bcrypt.dll
0x00007ffd10960000 - 0x00007ffd10969000 	C:\Program Files\Java\jdk-17.0.3.1\bin\management.dll
0x00007ffd10900000 - 0x00007ffd1090b000 	C:\Program Files\Java\jdk-17.0.3.1\bin\management_ext.dll
0x00007ffd13e50000 - 0x00007ffd13e68000 	C:\WINDOWS\SYSTEM32\CRYPTSP.dll
0x00007ffd13510000 - 0x00007ffd13544000 	C:\WINDOWS\system32\rsaenh.dll
0x00007ffd143a0000 - 0x00007ffd143ce000 	C:\WINDOWS\SYSTEM32\USERENV.dll
0x00007ffd13e70000 - 0x00007ffd13e7c000 	C:\WINDOWS\SYSTEM32\CRYPTBASE.dll
0x00007ffd0c200000 - 0x00007ffd0c217000 	C:\WINDOWS\SYSTEM32\dhcpcsvc6.DLL
0x00007ffd0d280000 - 0x00007ffd0d29d000 	C:\WINDOWS\SYSTEM32\dhcpcsvc.DLL
0x00007ffcfbd20000 - 0x00007ffcfbd37000 	C:\WINDOWS\system32\napinsp.dll
0x00007ffcfbcf0000 - 0x00007ffcfbd0b000 	C:\WINDOWS\system32\pnrpnsp.dll
0x00007ffcfbcd0000 - 0x00007ffcfbce5000 	C:\WINDOWS\system32\wshbth.dll
0x00007ffd0ff80000 - 0x00007ffd0ff9d000 	C:\WINDOWS\system32\NLAapi.dll
0x00007ffcfbb50000 - 0x00007ffcfbb62000 	C:\WINDOWS\System32\winrnr.dll

dbghelp: loaded successfully - version: 4.0.5 - missing functions: none
symbol engine: initialized successfully - sym options: 0x614 - pdb path: .;C:\Program Files\Java\jdk-17.0.3.1\bin;C:\WINDOWS\SYSTEM32;C:\WINDOWS\WinSxS\amd64_microsoft.windows.common-controls_6595b64144ccf1df_6.0.19041.1110_none_60b5254171f9507e;C:\Program Files\Java\jdk-17.0.3.1\bin\server;C:\Program Files\JetBrains\IntelliJ IDEA 2022.1.3\bin

VM Arguments:
jvm_args: -XX:TieredStopAtLevel=1 -Xverify:none -Dspring.output.ansi.enabled=always -Dcom.sun.management.jmxremote -Dspring.jmx.enabled=true -Dspring.liveBeansView.mbeanDomain -Dspring.application.admin.enabled=true -javaagent:C:\Program Files\JetBrains\IntelliJ IDEA 2022.1.3\lib\idea_rt.jar=58665:C:\Program Files\JetBrains\IntelliJ IDEA 2022.1.3\bin -Dfile.encoding=UTF-8 
java_command: com.example.ubernet.UbernetApplication
java_class_path (initial): C:\Users\Korisnik\Desktop\Uber\Uber\Ubernet\backend\target\classes;C:\Users\Korisnik\.m2\repository\org\springframework\boot\spring-boot-starter-data-jpa\2.7.4\spring-boot-starter-data-jpa-2.7.4.jar;C:\Users\Korisnik\.m2\repository\org\springframework\boot\spring-boot-starter-aop\2.7.4\spring-boot-starter-aop-2.7.4.jar;C:\Users\Korisnik\.m2\repository\org\aspectj\aspectjweaver\1.9.7\aspectjweaver-1.9.7.jar;C:\Users\Korisnik\.m2\repository\org\springframework\boot\spring-boot-starter-jdbc\2.7.4\spring-boot-starter-jdbc-2.7.4.jar;C:\Users\Korisnik\.m2\repository\com\zaxxer\HikariCP\4.0.3\HikariCP-4.0.3.jar;C:\Users\Korisnik\.m2\repository\org\springframework\spring-jdbc\5.3.23\spring-jdbc-5.3.23.jar;C:\Users\Korisnik\.m2\repository\jakarta\transaction\jakarta.transaction-api\1.3.3\jakarta.transaction-api-1.3.3.jar;C:\Users\Korisnik\.m2\repository\jakarta\persistence\jakarta.persistence-api\2.2.3\jakarta.persistence-api-2.2.3.jar;C:\Users\Korisnik\.m2\repository\org\hibernate\hibernate-core\5.6.11.Final\hibernate-core-5.6.11.Final.jar;C:\Users\Korisnik\.m2\repository\org\jboss\logging\jboss-logging\3.4.3.Final\jboss-logging-3.4.3.Final.jar;C:\Users\Korisnik\.m2\repository\antlr\antlr\2.7.7\antlr-2.7.7.jar;C:\Users\Korisnik\.m2\repository\org\jboss\jandex\2.4.2.Final\jandex-2.4.2.Final.jar;C:\Users\Korisnik\.m2\repository\com\fasterxml\classmate\1.5.1\classmate-1.5.1.jar;C:\Users\Korisnik\.m2\repository\org\hibernate\common\hibernate-commons-annotations\5.1.2.Final\hibernate-commons-annotations-5.1.2.Final.jar;C:\Users\Korisnik\.m2\repository\org\glassfish\jaxb\jaxb-runtime\2.3.6\jaxb-runtime-2.3.6.jar;C:\Users\Korisnik\.m2\repository\org\glassfish\jaxb\txw2\2.3.6\txw2-2.3.6.jar;C:\Users\Korisnik\.m2\repository\com\sun\istack\istack-commons-runtime\3.0.12\istack-commons-runtime-3.0.12.jar;C:\Users\Korisnik\.m2\repository\org\springframework\data\spring-data-jpa\2.7.3\spring-data-jpa-2.7.3.jar;C:\Users\Korisnik\.m2\repository\org\springframew
Launcher Type: SUN_STANDARD

[Global flags]
     intx CICompilerCount                          = 4                                         {product} {ergonomic}
     uint ConcGCThreads                            = 2                                         {product} {ergonomic}
     uint G1ConcRefinementThreads                  = 8                                         {product} {ergonomic}
   size_t G1HeapRegionSize                         = 1048576                                   {product} {ergonomic}
    uintx GCDrainStackTargetSize                   = 64                                        {product} {ergonomic}
   size_t InitialHeapSize                          = 132120576                                 {product} {ergonomic}
     bool ManagementServer                         = true                                      {product} {command line}
   size_t MarkStackSize                            = 4194304                                   {product} {ergonomic}
   size_t MaxHeapSize                              = 2113929216                                {product} {ergonomic}
   size_t MaxNewSize                               = 1267728384                                {product} {ergonomic}
   size_t MinHeapDeltaBytes                        = 1048576                                   {product} {ergonomic}
   size_t MinHeapSize                              = 8388608                                   {product} {ergonomic}
    uintx NonProfiledCodeHeapSize                  = 0                                      {pd product} {ergonomic}
     bool ProfileInterpreter                       = false                                  {pd product} {command line}
    uintx ProfiledCodeHeapSize                     = 0                                      {pd product} {ergonomic}
   size_t SoftMaxHeapSize                          = 2113929216                             {manageable} {ergonomic}
     intx TieredStopAtLevel                        = 1                                         {product} {command line}
     bool UseCompressedClassPointers               = true                           {product lp64_product} {ergonomic}
     bool UseCompressedOops                        = true                           {product lp64_product} {ergonomic}
     bool UseG1GC                                  = true                                      {product} {ergonomic}
     bool UseLargePagesIndividualAllocation        = false                                  {pd product} {ergonomic}

Logging:
Log output configuration:
 #0: stdout all=warning uptime,level,tags
 #1: stderr all=off uptime,level,tags

Environment Variables:
JAVA_HOME=C:\Program Files\OpenJDK\openjdk-11.0.15_10
PATH=C:\Program Files\Python38\Scripts\;C:\Program Files\Python38\;C:\Program Files\Common Files\Oracle\Java\javapath;C:\oraclexe\app\oracle\product\11.2.0\server\bin;C:\Program Files (x86)\IntelSWTools\system_studio_2020\OpenCL\sdk\bin\x64;C:\Program Files (x86)\IntelSWTools\system_studio_2020\OpenCL\sdk\bin\x86;C:\Program Files (x86)\Common Files\Oracle\Java\javapath;C:\WINDOWS\system32;C:\WINDOWS;C:\WINDOWS\System32\Wbem;C:\WINDOWS\System32\WindowsPowerShell\v1.0\;C:\WINDOWS\System32\OpenSSH\;C:\Program Files\dotnet\;C:\Program Files\Microsoft SQL Server\130\Tools\Binn\;C:\Program Files\Microsoft SQL Server\Client SDK\ODBC\170\Tools\Binn\;C:\Program Files\Git\cmd;C:\ProgramData\chocolatey\bin;C:\Program Files\nodejs\;C:\Program Files\OpenJDK\openjdk-11.0.15_10\bin;C:\users\your-username\AppData\Programs\Python\Python39;C:\Program Files\Common Files\Oracle\Java\javapath;C:\oraclexe\app\oracle\product\11.2.0\server\bin;C:\Program Files (x86)\IntelSWTools\system_studio_2020\OpenCL\sdk\bin\x64;C:\Program Files (x86)\IntelSWTools\system_studio_2020\OpenCL\sdk\bin\x86;C:\Program Files (x86)\Common Files\Oracle\Java\javapath;C:\WINDOWS\system32;C:\WINDOWS;C:\WINDOWS\System32\Wbem;C:\WINDOWS\System32\WindowsPowerShell\v1.0\;C:\WINDOWS\System32\OpenSSH\;C:\Program Files\dotnet\;C:\Program Files\Microsoft SQL Server\130\Tools\Binn\;C:\Program Files\Microsoft SQL Server\Client SDK\ODBC\170\Tools\Binn\;C:\Program Files\Git\cmd;C:\ProgramData\chocolatey\bin;C:\Program Files\nodejs\;C:\Program Files\OpenJDK\openjdk-11.0.15_10\bin;C:\Users\Korisnik\AppData\Local\Microsoft\WindowsApps;C:\Program Files\JetBrains\PyCharm Community Edition 2020.1.1\bin;C:\Users\Korisnik\AppData\Local\Programs\Microsoft VS Code\bin;C:\Program Files\heroku\bin;C:\Users\Korisnik\AppData\Local\GitHubDesktop\bin;C:\Users\Korisnik\AppData\Roaming\npm;%ANDRIOID_HOM;C:\Users\Korisnik\anaconda3\Scripts;C:\Users\Korisnik\anaconda3;C:\Program Files\Python38\Scripts;C:\Program Files\Python38;C:\Users\Korisnik\A
USERNAME=Korisnik
OS=Windows_NT
PROCESSOR_IDENTIFIER=Intel64 Family 6 Model 142 Stepping 10, GenuineIntel



---------------  S Y S T E M  ---------------

OS:
 Windows 10 , 64 bit Build 19041 (10.0.19041.2364)
OS uptime: 0 days 20:21 hours

CPU: total 8 (initial active 8) (4 cores per cpu, 2 threads per core) family 6 model 142 stepping 10 microcode 0xb4, cx8, cmov, fxsr, ht, mmx, 3dnowpref, sse, sse2, sse3, ssse3, sse4.1, sse4.2, popcnt, lzcnt, tsc, tscinvbit, avx, avx2, aes, erms, clmul, bmi1, bmi2, adx, fma, vzeroupper, clflush, clflushopt

Memory: 4k page, system-wide physical 8057M (629M free)
TotalPageFile size 32633M (AvailPageFile size 128M)
current process WorkingSet (physical memory assigned to process): 124M, peak: 124M
current process commit charge ("private bytes"): 240M, peak: 240M

vm_info: Java HotSpot(TM) 64-Bit Server VM (17.0.3.1+2-LTS-6) for windows-amd64 JRE (17.0.3.1+2-LTS-6), built on Apr 25 2022 22:04:21 by "mach5one" with MS VC++ 16.8 / 16.9 (VS2019)

END.
